

/******************************************************************************************
* ReadStepFile diagnostics.
* Date:                           Tue May 07 12:55:03 2019
* Produced by:                    The EXPRESS Data Manager Version 5.02.0100.07 : 28 Aug 2013
* Module:                         EDMstepFileFactory/EDMstandAlone
* Host:                           LAPTOP-7KRS2OA0
* Database:                       C:\Users\ilari\AppData\Local\Temp\{F1B7297C-7F6A-462F-9E68-C95D89D13AE3}\ifc
* Database version:               5507
* Database creation date:         Tue May 07 12:55:03 2019
* Model to populate:              DataRepository.ifcimport
* Header model to populate:       
* Step file name:                 908117.ifc
* EDMuser:                        sdai-user
* EDMgroup:                       sdai-group
* License ID and type:            5605 : Permanent license. Expiry date: 
* EDMstepFileFactory options:     010201000002
******************************************************************************************/


------------------------------------------------------------------------------------------------
 Operation terminated successfully.
------------------------------------------------------------------------------------------------

